<?xml version="1.0" encoding="UTF-8"?>
<!-- Generated by org.testng.reporters.JUnitReportReporter -->
<testsuite skipped="0" hostname="DESKTOP-6ADHJUE" name="com.qa.pages.Sample" tests="1" failures="0" timestamp="2021-08-24T12:27:02 IST" time="0.011" errors="0">
  <testcase name="test2" time="0.011" classname="com.qa.pages.Sample"/>
  <system-out/>
</testsuite> <!-- com.qa.pages.Sample -->
